Warning: connect.session() MemoryStore is not
designed for a production environment, as it will leak
memory, and will not scale past a single process.
Warning: connect.session() MemoryStore is not
designed for a production environment, as it will leak
memory, and will not scale past a single process.
Fri, 15 Jan 2016 17:17:47 GMT express deprecated res.send(status): Use res.sendStatus(status) instead at E:\pvmb\app.js:41:13
Warning: connect.session() MemoryStore is not
designed for a production environment, as it will leak
memory, and will not scale past a single process.
Warning: connect.session() MemoryStore is not
designed for a production environment, as it will leak
memory, and will not scale past a single process.
Fri, 15 Jan 2016 20:00:27 GMT express deprecated res.send(status): Use res.sendStatus(status) instead at E:\pvmb\app.js:44:13
Warning: connect.session() MemoryStore is not
designed for a production environment, as it will leak
memory, and will not scale past a single process.
Sat, 16 Jan 2016 03:44:38 GMT express deprecated res.send(status): Use res.sendStatus(status) instead at E:\pvmb\app.js:44:13
Warning: connect.session() MemoryStore is not
designed for a production environment, as it will leak
memory, and will not scale past a single process.
Sat, 16 Jan 2016 05:16:31 GMT express deprecated res.send(status): Use res.sendStatus(status) instead at E:\pvmb\app.js:44:13
Warning: connect.session() MemoryStore is not
designed for a production environment, as it will leak
memory, and will not scale past a single process.
Sat, 16 Jan 2016 06:01:43 GMT express deprecated res.send(status): Use res.sendStatus(status) instead at E:\pvmb\app.js:44:13
Warning: connect.session() MemoryStore is not
designed for a production environment, as it will leak
memory, and will not scale past a single process.
Sat, 16 Jan 2016 07:06:02 GMT express deprecated res.send(status): Use res.sendStatus(status) instead at E:\pvmb\app.js:44:13
Warning: connect.session() MemoryStore is not
designed for a production environment, as it will leak
memory, and will not scale past a single process.
Sat, 16 Jan 2016 08:50:48 GMT express deprecated res.send(status): Use res.sendStatus(status) instead at E:\pvmb\app.js:45:13
Warning: connect.session() MemoryStore is not
designed for a production environment, as it will leak
memory, and will not scale past a single process.
Sat, 16 Jan 2016 08:55:10 GMT express deprecated res.send(status): Use res.sendStatus(status) instead at E:\pvmb\app.js:45:13
Warning: connect.session() MemoryStore is not
designed for a production environment, as it will leak
memory, and will not scale past a single process.
Sat, 16 Jan 2016 13:26:07 GMT express deprecated res.send(status): Use res.sendStatus(status) instead at E:\pvmb\app.js:45:13
Warning: connect.session() MemoryStore is not
designed for a production environment, as it will leak
memory, and will not scale past a single process.
Sat, 16 Jan 2016 16:27:01 GMT express deprecated res.send(status): Use res.sendStatus(status) instead at E:\pvmb\app.js:45:13
Warning: connect.session() MemoryStore is not
designed for a production environment, as it will leak
memory, and will not scale past a single process.
Sat, 16 Jan 2016 16:29:13 GMT express deprecated res.send(status): Use res.sendStatus(status) instead at E:\pvmb\app.js:45:13
Warning: connect.session() MemoryStore is not
designed for a production environment, as it will leak
memory, and will not scale past a single process.
Sat, 16 Jan 2016 16:32:19 GMT express deprecated res.send(status): Use res.sendStatus(status) instead at E:\pvmb\app.js:45:13
Warning: connect.session() MemoryStore is not
designed for a production environment, as it will leak
memory, and will not scale past a single process.
Sat, 16 Jan 2016 16:35:54 GMT express deprecated res.send(status): Use res.sendStatus(status) instead at E:\pvmb\app.js:45:13
Warning: connect.session() MemoryStore is not
designed for a production environment, as it will leak
memory, and will not scale past a single process.
Warning: connect.session() MemoryStore is not
designed for a production environment, as it will leak
memory, and will not scale past a single process.
Sun, 17 Jan 2016 05:40:32 GMT express deprecated res.send(status): Use res.sendStatus(status) instead at E:\pvmb\app.js:45:13
Warning: connect.session() MemoryStore is not
designed for a production environment, as it will leak
memory, and will not scale past a single process.
Sun, 17 Jan 2016 05:46:20 GMT express deprecated res.send(status): Use res.sendStatus(status) instead at E:\pvmb\app.js:45:13
Warning: connect.session() MemoryStore is not
designed for a production environment, as it will leak
memory, and will not scale past a single process.
Sun, 17 Jan 2016 11:11:05 GMT express deprecated res.send(status): Use res.sendStatus(status) instead at E:\pvmb\app.js:46:13
Warning: connect.session() MemoryStore is not
designed for a production environment, as it will leak
memory, and will not scale past a single process.
Warning: connect.session() MemoryStore is not
designed for a production environment, as it will leak
memory, and will not scale past a single process.
Sun, 17 Jan 2016 11:14:02 GMT express deprecated res.send(status): Use res.sendStatus(status) instead at E:\pvmb\app.js:46:13
Warning: connect.session() MemoryStore is not
designed for a production environment, as it will leak
memory, and will not scale past a single process.
Sun, 17 Jan 2016 15:09:42 GMT express deprecated res.send(status): Use res.sendStatus(status) instead at E:\pvmb\app.js:46:13
Warning: connect.session() MemoryStore is not
designed for a production environment, as it will leak
memory, and will not scale past a single process.
Sun, 17 Jan 2016 18:12:53 GMT express deprecated res.send(status): Use res.sendStatus(status) instead at E:\pvmb\app.js:46:13
Warning: connect.session() MemoryStore is not
designed for a production environment, as it will leak
memory, and will not scale past a single process.
Sun, 17 Jan 2016 18:15:27 GMT express deprecated res.send(status): Use res.sendStatus(status) instead at E:\pvmb\app.js:47:13
Warning: connect.session() MemoryStore is not
designed for a production environment, as it will leak
memory, and will not scale past a single process.
Warning: connect.session() MemoryStore is not
designed for a production environment, as it will leak
memory, and will not scale past a single process.
Warning: connect.session() MemoryStore is not
designed for a production environment, as it will leak
memory, and will not scale past a single process.
Warning: connect.session() MemoryStore is not
designed for a production environment, as it will leak
memory, and will not scale past a single process.
Warning: connect.session() MemoryStore is not
designed for a production environment, as it will leak
memory, and will not scale past a single process.
Warning: connect.session() MemoryStore is not
designed for a production environment, as it will leak
memory, and will not scale past a single process.
Port 3000 is already in use
Warning: connect.session() MemoryStore is not
designed for a production environment, as it will leak
memory, and will not scale past a single process.
Port 3000 is already in use
Warning: connect.session() MemoryStore is not
designed for a production environment, as it will leak
memory, and will not scale past a single process.
Port 3000 is already in use
Warning: connect.session() MemoryStore is not
designed for a production environment, as it will leak
memory, and will not scale past a single process.
Warning: connect.session() MemoryStore is not
designed for a production environment, as it will leak
memory, and will not scale past a single process.
Mon, 18 Jan 2016 18:01:50 GMT express deprecated res.send(status): Use res.sendStatus(status) instead at E:\pvmb\app.js:48:13
Warning: connect.session() MemoryStore is not
designed for a production environment, as it will leak
memory, and will not scale past a single process.
Mon, 18 Jan 2016 18:09:01 GMT express deprecated res.send(status): Use res.sendStatus(status) instead at E:\pvmb\app.js:48:13
Warning: connect.session() MemoryStore is not
designed for a production environment, as it will leak
memory, and will not scale past a single process.
Mon, 18 Jan 2016 19:29:32 GMT express deprecated res.send(status): Use res.sendStatus(status) instead at E:\pvmb\app.js:49:13
Warning: connect.session() MemoryStore is not
designed for a production environment, as it will leak
memory, and will not scale past a single process.
Tue, 19 Jan 2016 18:18:25 GMT express deprecated res.send(status): Use res.sendStatus(status) instead at E:\pvmb\app.js:49:13
Warning: connect.session() MemoryStore is not
designed for a production environment, as it will leak
memory, and will not scale past a single process.
Warning: connect.session() MemoryStore is not
designed for a production environment, as it will leak
memory, and will not scale past a single process.
Thu, 21 Jan 2016 11:49:07 GMT express deprecated res.send(status): Use res.sendStatus(status) instead at E:\pvmb\app.js:50:13
Warning: connect.session() MemoryStore is not
designed for a production environment, as it will leak
memory, and will not scale past a single process.
Thu, 21 Jan 2016 18:47:53 GMT express deprecated res.send(status): Use res.sendStatus(status) instead at E:\pvmb\app.js:50:13
