2016-01-15 18:44:22 - Starting C:\Program Files\nodejs\node.exe --harmony "C:\Users\dmlon\AppData\Roaming\npm\node_modules\node-windows\lib\wrapper.js" -f "E:\pvmb\bin\www" -l "PVMB EVA" -g 0.25 -w 1 -r 3 -a n
2016-01-15 18:44:22 - Started 3304
2016-01-15 19:11:20 - Starting C:\Program Files\nodejs\node.exe --harmony "C:\Users\dmlon\AppData\Roaming\npm\node_modules\node-windows\lib\wrapper.js" -f "E:\pvmb\bin\www" -l "PVMB EVA" -g 0.25 -w 1 -r 3 -a n
2016-01-15 19:11:28 - Started 2816
2016-01-16 00:54:49 - Stopping pvmbeva.exe
2016-01-16 00:54:49 - ProcessKill 2816
2016-01-16 00:54:49 - Finished pvmbeva.exe
2016-01-16 00:55:12 - Starting C:\Program Files\nodejs\node.exe --harmony "C:\Users\dmlon\AppData\Roaming\npm\node_modules\node-windows\lib\wrapper.js" -f "E:\pvmb\bin\www" -l "PVMB EVA" -g 0.25 -w 1 -r 3 -a n
2016-01-16 00:55:12 - Started 8724
2016-01-16 00:56:10 - Stopping pvmbeva.exe
2016-01-16 00:56:10 - ProcessKill 8724
2016-01-16 00:56:10 - Finished pvmbeva.exe
2016-01-16 02:58:16 - Starting C:\Program Files\nodejs\node.exe --harmony "C:\Users\dmlon\AppData\Roaming\npm\node_modules\node-windows\lib\wrapper.js" -f "E:\pvmb\bin\www" -l "PVMB EVA" -g 0.25 -w 1 -r 3 -a n
2016-01-16 02:58:17 - Started 3000
2016-01-16 10:44:10 - Stopping pvmbeva.exe
2016-01-16 10:44:10 - ProcessKill 3000
2016-01-16 10:44:10 - Finished pvmbeva.exe
2016-01-16 10:44:19 - Starting C:\Program Files\nodejs\node.exe --harmony "C:\Users\dmlon\AppData\Roaming\npm\node_modules\node-windows\lib\wrapper.js" -f "E:\pvmb\bin\www" -l "PVMB EVA" -g 0.25 -w 1 -r 3 -a n
2016-01-16 10:44:19 - Started 5096
2016-01-16 12:16:24 - Stopping pvmbeva.exe
2016-01-16 12:16:24 - ProcessKill 5096
2016-01-16 12:16:24 - Finished pvmbeva.exe
2016-01-16 12:16:26 - Starting C:\Program Files\nodejs\node.exe --harmony "C:\Users\dmlon\AppData\Roaming\npm\node_modules\node-windows\lib\wrapper.js" -f "E:\pvmb\bin\www" -l "PVMB EVA" -g 0.25 -w 1 -r 3 -a n
2016-01-16 12:16:26 - Started 3684
2016-01-16 12:55:15 - Stopping pvmbeva.exe
2016-01-16 12:55:15 - ProcessKill 3684
2016-01-16 12:55:15 - Finished pvmbeva.exe
2016-01-16 13:01:42 - Starting C:\Program Files\nodejs\node.exe --harmony "C:\Users\dmlon\AppData\Roaming\npm\node_modules\node-windows\lib\wrapper.js" -f "E:\pvmb\bin\www" -l "PVMB EVA" -g 0.25 -w 1 -r 3 -a n
2016-01-16 13:01:42 - Started 7632
2016-01-16 14:03:34 - Stopping pvmbeva.exe
2016-01-16 14:03:34 - ProcessKill 7632
2016-01-16 14:03:34 - Finished pvmbeva.exe
2016-01-16 14:04:26 - Starting C:\Program Files\nodejs\node.exe --harmony "C:\Users\dmlon\AppData\Roaming\npm\node_modules\node-windows\lib\wrapper.js" -f "E:\pvmb\bin\www" -l "PVMB EVA" -g 0.25 -w 1 -r 3 -a n
2016-01-16 14:04:27 - Started 2424
2016-01-16 15:50:33 - Stopping pvmbeva.exe
2016-01-16 15:50:33 - ProcessKill 2424
2016-01-16 15:50:33 - Finished pvmbeva.exe
2016-01-16 15:50:39 - Starting C:\Program Files\nodejs\node.exe --harmony "C:\Users\dmlon\AppData\Roaming\npm\node_modules\node-windows\lib\wrapper.js" -f "E:\pvmb\bin\www" -l "PVMB EVA" -g 0.25 -w 1 -r 3 -a n
2016-01-16 15:50:40 - Started 4812
2016-01-16 15:55:04 - Stopping pvmbeva.exe
2016-01-16 15:55:04 - ProcessKill 4812
2016-01-16 15:55:04 - Finished pvmbeva.exe
2016-01-16 15:55:05 - Starting C:\Program Files\nodejs\node.exe --harmony "C:\Users\dmlon\AppData\Roaming\npm\node_modules\node-windows\lib\wrapper.js" -f "E:\pvmb\bin\www" -l "PVMB EVA" -g 0.25 -w 1 -r 3 -a n
2016-01-16 15:55:05 - Started 6420
2016-01-16 18:33:56 - Stopping pvmbeva.exe
2016-01-16 18:33:56 - ProcessKill 6420
2016-01-16 18:33:56 - Finished pvmbeva.exe
2016-01-16 20:26:04 - Starting C:\Program Files\nodejs\node.exe --harmony "C:\Users\dmlon\AppData\Roaming\npm\node_modules\node-windows\lib\wrapper.js" -f "E:\pvmb\bin\www" -l "PVMB EVA" -g 0.25 -w 1 -r 3 -a n
2016-01-16 20:26:04 - Started 280
2016-01-16 23:26:49 - Stopping pvmbeva.exe
2016-01-16 23:26:49 - ProcessKill 280
2016-01-16 23:26:49 - Finished pvmbeva.exe
2016-01-16 23:26:50 - Starting C:\Program Files\nodejs\node.exe --harmony "C:\Users\dmlon\AppData\Roaming\npm\node_modules\node-windows\lib\wrapper.js" -f "E:\pvmb\bin\www" -l "PVMB EVA" -g 0.25 -w 1 -r 3 -a n
2016-01-16 23:26:50 - Started 5644
2016-01-16 23:29:06 - Stopping pvmbeva.exe
2016-01-16 23:29:06 - ProcessKill 5644
2016-01-16 23:29:06 - Finished pvmbeva.exe
2016-01-16 23:29:08 - Starting C:\Program Files\nodejs\node.exe --harmony "C:\Users\dmlon\AppData\Roaming\npm\node_modules\node-windows\lib\wrapper.js" -f "E:\pvmb\bin\www" -l "PVMB EVA" -g 0.25 -w 1 -r 3 -a n
2016-01-16 23:29:08 - Started 1436
2016-01-16 23:32:14 - Stopping pvmbeva.exe
2016-01-16 23:32:14 - ProcessKill 1436
2016-01-16 23:32:14 - Finished pvmbeva.exe
2016-01-16 23:32:15 - Starting C:\Program Files\nodejs\node.exe --harmony "C:\Users\dmlon\AppData\Roaming\npm\node_modules\node-windows\lib\wrapper.js" -f "E:\pvmb\bin\www" -l "PVMB EVA" -g 0.25 -w 1 -r 3 -a n
2016-01-16 23:32:15 - Started 7368
2016-01-16 23:35:47 - Stopping pvmbeva.exe
2016-01-16 23:35:47 - ProcessKill 7368
2016-01-16 23:35:47 - Finished pvmbeva.exe
2016-01-16 23:35:50 - Starting C:\Program Files\nodejs\node.exe --harmony "C:\Users\dmlon\AppData\Roaming\npm\node_modules\node-windows\lib\wrapper.js" -f "E:\pvmb\bin\www" -l "PVMB EVA" -g 0.25 -w 1 -r 3 -a n
2016-01-16 23:35:50 - Started 4020
2016-01-16 23:46:35 - Stopping pvmbeva.exe
2016-01-16 23:46:35 - ProcessKill 4020
2016-01-16 23:46:35 - Finished pvmbeva.exe
2016-01-16 23:46:36 - Starting C:\Program Files\nodejs\node.exe --harmony "C:\Users\dmlon\AppData\Roaming\npm\node_modules\node-windows\lib\wrapper.js" -f "E:\pvmb\bin\www" -l "PVMB EVA" -g 0.25 -w 1 -r 3 -a n
2016-01-16 23:46:36 - Started 5892
2016-01-17 12:40:27 - Stopping pvmbeva.exe
2016-01-17 12:40:27 - ProcessKill 5892
2016-01-17 12:40:27 - Finished pvmbeva.exe
2016-01-17 12:40:28 - Starting C:\Program Files\nodejs\node.exe --harmony "C:\Users\dmlon\AppData\Roaming\npm\node_modules\node-windows\lib\wrapper.js" -f "E:\pvmb\bin\www" -l "PVMB EVA" -g 0.25 -w 1 -r 3 -a n
2016-01-17 12:40:28 - Started 9716
2016-01-17 12:40:54 - Stopping pvmbeva.exe
2016-01-17 12:40:54 - ProcessKill 9716
2016-01-17 12:40:54 - Finished pvmbeva.exe
2016-01-17 12:46:15 - Starting C:\Program Files\nodejs\node.exe --harmony "C:\Users\dmlon\AppData\Roaming\npm\node_modules\node-windows\lib\wrapper.js" -f "E:\pvmb\bin\www" -l "PVMB EVA" -g 0.25 -w 1 -r 3 -a n
2016-01-17 12:46:15 - Started 9496
2016-01-17 18:10:54 - Stopping pvmbeva.exe
2016-01-17 18:10:54 - ProcessKill 9496
2016-01-17 18:10:54 - Finished pvmbeva.exe
2016-01-17 18:10:56 - Starting C:\Program Files\nodejs\node.exe --harmony "C:\Users\dmlon\AppData\Roaming\npm\node_modules\node-windows\lib\wrapper.js" -f "E:\pvmb\bin\www" -l "PVMB EVA" -g 0.25 -w 1 -r 3 -a n
2016-01-17 18:10:56 - Started 5856
2016-01-17 18:11:29 - Stopping pvmbeva.exe
2016-01-17 18:11:29 - ProcessKill 5856
2016-01-17 18:11:29 - Finished pvmbeva.exe
2016-01-17 18:11:31 - Starting C:\Program Files\nodejs\node.exe --harmony "C:\Users\dmlon\AppData\Roaming\npm\node_modules\node-windows\lib\wrapper.js" -f "E:\pvmb\bin\www" -l "PVMB EVA" -g 0.25 -w 1 -r 3 -a n
2016-01-17 18:11:31 - Started 9656
2016-01-17 18:13:58 - Stopping pvmbeva.exe
2016-01-17 18:13:58 - ProcessKill 9656
2016-01-17 18:13:58 - Finished pvmbeva.exe
2016-01-17 18:13:59 - Starting C:\Program Files\nodejs\node.exe --harmony "C:\Users\dmlon\AppData\Roaming\npm\node_modules\node-windows\lib\wrapper.js" -f "E:\pvmb\bin\www" -l "PVMB EVA" -g 0.25 -w 1 -r 3 -a n
2016-01-17 18:13:59 - Started 9232
2016-01-17 22:05:12 - Stopping pvmbeva.exe
2016-01-17 22:05:12 - ProcessKill 9232
2016-01-17 22:05:12 - Finished pvmbeva.exe
2016-01-17 22:05:14 - Starting C:\Program Files\nodejs\node.exe --harmony "C:\Users\dmlon\AppData\Roaming\npm\node_modules\node-windows\lib\wrapper.js" -f "E:\pvmb\bin\www" -l "PVMB EVA" -g 0.25 -w 1 -r 3 -a n
2016-01-17 22:05:14 - Started 3712
2016-01-18 01:12:44 - Stopping pvmbeva.exe
2016-01-18 01:12:44 - ProcessKill 3712
2016-01-18 01:12:44 - Finished pvmbeva.exe
2016-01-18 01:12:45 - Starting C:\Program Files\nodejs\node.exe --harmony "C:\Users\dmlon\AppData\Roaming\npm\node_modules\node-windows\lib\wrapper.js" -f "E:\pvmb\bin\www" -l "PVMB EVA" -g 0.25 -w 1 -r 3 -a n
2016-01-18 01:12:45 - Started 4376
2016-01-18 01:15:21 - Stopping pvmbeva.exe
2016-01-18 01:15:21 - ProcessKill 4376
2016-01-18 01:15:21 - Finished pvmbeva.exe
2016-01-18 01:15:22 - Starting C:\Program Files\nodejs\node.exe --harmony "C:\Users\dmlon\AppData\Roaming\npm\node_modules\node-windows\lib\wrapper.js" -f "E:\pvmb\bin\www" -l "PVMB EVA" -g 0.25 -w 1 -r 3 -a n
2016-01-18 01:15:22 - Started 8864
2016-01-18 18:29:01 - Stopping pvmbeva.exe
2016-01-18 18:29:01 - ProcessKill 8864
2016-01-18 18:29:01 - Finished pvmbeva.exe
2016-01-18 18:29:03 - Starting C:\Program Files\nodejs\node.exe --harmony "C:\Users\dmlon\AppData\Roaming\npm\node_modules\node-windows\lib\wrapper.js" -f "E:\pvmb\bin\www" -l "PVMB EVA" -g 0.25 -w 1 -r 3 -a n
2016-01-18 18:29:05 - Started 7256
2016-01-18 18:39:06 - Stopping pvmbeva.exe
2016-01-18 18:39:06 - ProcessKill 7256
2016-01-18 18:39:06 - Finished pvmbeva.exe
2016-01-18 18:39:08 - Starting C:\Program Files\nodejs\node.exe --harmony "C:\Users\dmlon\AppData\Roaming\npm\node_modules\node-windows\lib\wrapper.js" -f "E:\pvmb\bin\www" -l "PVMB EVA" -g 0.25 -w 1 -r 3 -a n
2016-01-18 18:39:08 - Started 804
2016-01-18 18:40:27 - Stopping pvmbeva.exe
2016-01-18 18:40:27 - ProcessKill 804
2016-01-18 18:40:27 - Finished pvmbeva.exe
2016-01-18 18:48:53 - Starting C:\Program Files\nodejs\node.exe --harmony "C:\Users\dmlon\AppData\Roaming\npm\node_modules\node-windows\lib\wrapper.js" -f "E:\pvmb\bin\www" -l "PVMB EVA" -g 0.25 -w 1 -r 3 -a n
2016-01-18 18:48:53 - Started 3912
2016-01-18 19:43:30 - Stopping pvmbeva.exe
2016-01-18 19:43:30 - ProcessKill 3912
2016-01-18 19:43:30 - Finished pvmbeva.exe
2016-01-18 19:43:32 - Starting C:\Program Files\nodejs\node.exe --harmony "C:\Users\dmlon\AppData\Roaming\npm\node_modules\node-windows\lib\wrapper.js" -f "E:\pvmb\bin\www" -l "PVMB EVA" -g 0.25 -w 1 -r 3 -a n
2016-01-18 19:43:32 - Started 5996
2016-01-18 19:43:48 - Stopping pvmbeva.exe
2016-01-18 19:43:48 - ProcessKill 5996
2016-01-18 19:43:48 - Finished pvmbeva.exe
2016-01-18 19:48:17 - Starting C:\Program Files\nodejs\node.exe --harmony "C:\Users\dmlon\AppData\Roaming\npm\node_modules\node-windows\lib\wrapper.js" -f "E:\pvmb\bin\www" -l "PVMB EVA" -g 0.25 -w 1 -r 3 -a n
2016-01-18 19:48:17 - Started 8388
2016-01-18 20:55:33 - Stopping pvmbeva.exe
2016-01-18 20:55:33 - ProcessKill 8388
2016-01-18 20:55:33 - Finished pvmbeva.exe
2016-01-18 21:28:53 - Starting C:\Program Files\nodejs\node.exe --harmony "C:\Users\dmlon\AppData\Roaming\npm\node_modules\node-windows\lib\wrapper.js" -f "E:\pvmb\bin\www" -l "PVMB EVA" -g 0.25 -w 1 -r 3 -a n
2016-01-18 21:28:53 - Started 2060
2016-01-19 00:08:10 - Starting C:\Program Files\nodejs\node.exe --harmony "C:\Users\dmlon\AppData\Roaming\npm\node_modules\node-windows\lib\wrapper.js" -f "E:\pvmb\bin\www" -l "PVMB EVA" -g 0.25 -w 1 -r 3 -a n
2016-01-19 00:08:10 - Started 5676
2016-01-19 01:01:45 - Stopping pvmbeva.exe
2016-01-19 01:01:45 - ProcessKill 5676
2016-01-19 01:01:45 - Finished pvmbeva.exe
2016-01-19 01:01:47 - Starting C:\Program Files\nodejs\node.exe --harmony "C:\Users\dmlon\AppData\Roaming\npm\node_modules\node-windows\lib\wrapper.js" -f "E:\pvmb\bin\www" -l "PVMB EVA" -g 0.25 -w 1 -r 3 -a n
2016-01-19 01:01:47 - Started 10140
2016-01-19 01:08:09 - Stopping pvmbeva.exe
2016-01-19 01:08:09 - ProcessKill 10140
2016-01-19 01:08:09 - Finished pvmbeva.exe
2016-01-19 01:08:20 - Starting C:\Program Files\nodejs\node.exe --harmony "C:\Users\dmlon\AppData\Roaming\npm\node_modules\node-windows\lib\wrapper.js" -f "E:\pvmb\bin\www" -l "PVMB EVA" -g 0.25 -w 1 -r 3 -a n
2016-01-19 01:08:20 - Started 7844
2016-01-19 01:10:57 - Stopping pvmbeva.exe
2016-01-19 01:10:57 - ProcessKill 7844
2016-01-19 01:10:57 - Finished pvmbeva.exe
2016-01-19 02:29:27 - Starting C:\Program Files\nodejs\node.exe --harmony "C:\Users\dmlon\AppData\Roaming\npm\node_modules\node-windows\lib\wrapper.js" -f "E:\pvmb\bin\www" -l "PVMB EVA" -g 0.25 -w 1 -r 3 -a n
2016-01-19 02:29:27 - Started 5064
2016-01-20 01:18:11 - Stopping pvmbeva.exe
2016-01-20 01:18:11 - ProcessKill 5064
2016-01-20 01:18:11 - Finished pvmbeva.exe
2016-01-20 01:18:19 - Starting C:\Program Files\nodejs\node.exe --harmony "C:\Users\dmlon\AppData\Roaming\npm\node_modules\node-windows\lib\wrapper.js" -f "E:\pvmb\bin\www" -l "PVMB EVA" -g 0.25 -w 1 -r 3 -a n
2016-01-20 01:18:19 - Started 1720
2016-01-20 12:14:45 - Stopping pvmbeva.exe
2016-01-20 12:14:45 - ProcessKill 1720
2016-01-20 12:14:45 - Finished pvmbeva.exe
2016-01-21 18:40:52 - Starting C:\Program Files\nodejs\node.exe --harmony "C:\Users\dmlon\AppData\Roaming\npm\node_modules\node-windows\lib\wrapper.js" -f "E:\pvmb\bin\www" -l "PVMB EVA" -g 0.25 -w 1 -r 3 -a n
2016-01-21 18:40:53 - Started 6264
2016-01-21 18:48:56 - Stopping pvmbeva.exe
2016-01-21 18:48:56 - ProcessKill 6264
2016-01-21 18:48:56 - Finished pvmbeva.exe
2016-01-21 18:48:59 - Starting C:\Program Files\nodejs\node.exe --harmony "C:\Users\dmlon\AppData\Roaming\npm\node_modules\node-windows\lib\wrapper.js" -f "E:\pvmb\bin\www" -l "PVMB EVA" -g 0.25 -w 1 -r 3 -a n
2016-01-21 18:48:59 - Started 10548
2016-01-22 01:47:38 - Stopping pvmbeva.exe
2016-01-22 01:47:38 - ProcessKill 10548
2016-01-22 01:47:38 - Finished pvmbeva.exe
2016-01-22 01:47:43 - Starting C:\Program Files\nodejs\node.exe --harmony "C:\Users\dmlon\AppData\Roaming\npm\node_modules\node-windows\lib\wrapper.js" -f "E:\pvmb\bin\www" -l "PVMB EVA" -g 0.25 -w 1 -r 3 -a n
2016-01-22 01:47:43 - Started 2932
2016-01-23 17:04:35 - Stopping pvmbeva.exe
2016-01-23 17:04:35 - ProcessKill 2932
2016-01-23 17:04:35 - Finished pvmbeva.exe
